# JRE version: Java(TM) SE Runtime Environment (17.0.12+8) (build 17.0.12+8-LTS-286)
# Java VM: Java HotSpot(TM) 64-Bit Server VM (17.0.12+8-LTS-286, mixed mode, sharing, tiered, compressed oops, compressed class ptrs, g1 gc, windows-amd64)
GC Precious Log:
 CPUs: 12 total, 12 available
 Memory: 32195M
 Large Page Support: Disabled
 NUMA Support: Disabled
 Compressed Oops: Enabled (32-bit)
 Heap Region Size: 1M
 Heap Min Capacity: 8M
 Heap Initial Capacity: 504M
 Heap Max Capacity: 2G
 Pre-touch: Disabled
 Parallel Workers: 10
 Concurrent Workers: 3
 Concurrent Refinement Workers: 10
 Periodic GC: Disabled
Heap:
 garbage-first heap   total 312320K, used 130613K [0x0000000080000000, 0x0000000100000000)
  region size 1024K, 65 young (66560K), 3 survivors (3072K)
 Metaspace       used 116569K, committed 117632K, reserved 1179648K
  class space    used 15914K, committed 16384K, reserved 1048576K
GC Heap History (20 events):
Event: 10.803 GC heap before
{Heap before GC invocations=24 (full 0):
 garbage-first heap   total 99328K, used 59842K [0x0000000080000000, 0x0000000100000000)
  region size 1024K, 6 young (6144K), 2 survivors (2048K)
 Metaspace       used 104267K, committed 105088K, reserved 1179648K
  class space    used 14163K, committed 14528K, reserved 1048576K
}
Event: 10.805 GC heap after
{Heap after GC invocations=25 (full 0):
 garbage-first heap   total 99328K, used 52606K [0x0000000080000000, 0x0000000100000000)
  region size 1024K, 2 young (2048K), 2 survivors (2048K)
 Metaspace       used 104267K, committed 105088K, reserved 1179648K
  class space    used 14163K, committed 14528K, reserved 1048576K
}
Event: 10.863 GC heap before
{Heap before GC invocations=26 (full 0):
 garbage-first heap   total 99328K, used 57726K [0x0000000080000000, 0x0000000100000000)
  region size 1024K, 5 young (5120K), 2 survivors (2048K)
 Metaspace       used 104452K, committed 105216K, reserved 1179648K
  class space    used 14185K, committed 14528K, reserved 1048576K
}
Event: 10.865 GC heap after
{Heap after GC invocations=27 (full 0):
 garbage-first heap   total 99328K, used 55939K [0x0000000080000000, 0x0000000100000000)
  region size 1024K, 3 young (3072K), 3 survivors (3072K)
 Metaspace       used 104452K, committed 105216K, reserved 1179648K
  class space    used 14185K, committed 14528K, reserved 1048576K
}
Event: 11.026 GC heap before
{Heap before GC invocations=28 (full 0):
 garbage-first heap   total 106496K, used 71299K [0x0000000080000000, 0x0000000100000000)
  region size 1024K, 15 young (15360K), 3 survivors (3072K)
 Metaspace       used 105320K, committed 106176K, reserved 1179648K
  class space    used 14286K, committed 14656K, reserved 1048576K
}
Event: 11.029 GC heap after
{Heap after GC invocations=29 (full 0):
 garbage-first heap   total 106496K, used 56549K [0x0000000080000000, 0x0000000100000000)
  region size 1024K, 3 young (3072K), 3 survivors (3072K)
 Metaspace       used 105320K, committed 106176K, reserved 1179648K
  class space    used 14286K, committed 14656K, reserved 1048576K
}
Event: 11.091 GC heap before
{Heap before GC invocations=30 (full 0):
 garbage-first heap   total 107520K, used 64741K [0x0000000080000000, 0x0000000100000000)
  region size 1024K, 7 young (7168K), 3 survivors (3072K)
 Metaspace       used 105456K, committed 106368K, reserved 1179648K
  class space    used 14313K, committed 14720K, reserved 1048576K
}
Event: 11.093 GC heap after
{Heap after GC invocations=31 (full 0):
 garbage-first heap   total 107520K, used 57156K [0x0000000080000000, 0x0000000100000000)
  region size 1024K, 3 young (3072K), 3 survivors (3072K)
 Metaspace       used 105456K, committed 106368K, reserved 1179648K
  class space    used 14313K, committed 14720K, reserved 1048576K
}
Event: 11.304 GC heap before
{Heap before GC invocations=32 (full 0):
 garbage-first heap   total 107520K, used 72516K [0x0000000080000000, 0x0000000100000000)
  region size 1024K, 14 young (14336K), 3 survivors (3072K)
 Metaspace       used 107248K, committed 108160K, reserved 1179648K
  class space    used 14623K, committed 15040K, reserved 1048576K
}
Event: 11.306 GC heap after
{Heap after GC invocations=33 (full 0):
 garbage-first heap   total 107520K, used 54143K [0x0000000080000000, 0x0000000100000000)
  region size 1024K, 3 young (3072K), 3 survivors (3072K)
 Metaspace       used 107248K, committed 108160K, reserved 1179648K
  class space    used 14623K, committed 15040K, reserved 1048576K
}
Event: 11.366 GC heap before
{Heap before GC invocations=34 (full 0):
 garbage-first heap   total 107520K, used 64383K [0x0000000080000000, 0x0000000100000000)
  region size 1024K, 9 young (9216K), 3 survivors (3072K)
 Metaspace       used 107914K, committed 108800K, reserved 1179648K
  class space    used 14689K, committed 15104K, reserved 1048576K
}
Event: 11.369 GC heap after
{Heap after GC invocations=35 (full 0):
 garbage-first heap   total 107520K, used 54241K [0x0000000080000000, 0x0000000100000000)
  region size 1024K, 3 young (3072K), 3 survivors (3072K)
 Metaspace       used 107914K, committed 108800K, reserved 1179648K
  class space    used 14689K, committed 15104K, reserved 1048576K
}
Event: 11.430 GC heap before
{Heap before GC invocations=36 (full 0):
 garbage-first heap   total 107520K, used 63457K [0x0000000080000000, 0x0000000100000000)
  region size 1024K, 8 young (8192K), 3 survivors (3072K)
 Metaspace       used 108423K, committed 109376K, reserved 1179648K
  class space    used 14789K, committed 15232K, reserved 1048576K
}
Event: 11.433 GC heap after
{Heap after GC invocations=37 (full 0):
 garbage-first heap   total 107520K, used 54716K [0x0000000080000000, 0x0000000100000000)
  region size 1024K, 3 young (3072K), 3 survivors (3072K)
 Metaspace       used 108423K, committed 109376K, reserved 1179648K
  class space    used 14789K, committed 15232K, reserved 1048576K
}
Event: 11.479 GC heap before
{Heap before GC invocations=38 (full 0):
 garbage-first heap   total 107520K, used 58812K [0x0000000080000000, 0x0000000100000000)
  region size 1024K, 5 young (5120K), 3 survivors (3072K)
 Metaspace       used 108696K, committed 109632K, reserved 1179648K
  class space    used 14843K, committed 15232K, reserved 1048576K
}
Event: 11.481 GC heap after
{Heap after GC invocations=39 (full 0):
 garbage-first heap   total 107520K, used 54425K [0x0000000080000000, 0x0000000100000000)
  region size 1024K, 3 young (3072K), 3 survivors (3072K)
 Metaspace       used 108696K, committed 109632K, reserved 1179648K
  class space    used 14843K, committed 15232K, reserved 1048576K
}
Event: 11.593 GC heap before
{Heap before GC invocations=40 (full 0):
 garbage-first heap   total 107520K, used 62617K [0x0000000080000000, 0x0000000100000000)
  region size 1024K, 11 young (11264K), 3 survivors (3072K)
 Metaspace       used 109071K, committed 110016K, reserved 1179648K
  class space    used 14923K, committed 15360K, reserved 1048576K
}
Event: 11.597 GC heap after
{Heap after GC invocations=41 (full 0):
 garbage-first heap   total 107520K, used 54530K [0x0000000080000000, 0x0000000100000000)
  region size 1024K, 3 young (3072K), 3 survivors (3072K)
 Metaspace       used 109071K, committed 110016K, reserved 1179648K
  class space    used 14923K, committed 15360K, reserved 1048576K
}
Event: 11.679 GC heap before
{Heap before GC invocations=42 (full 0):
 garbage-first heap   total 107520K, used 61698K [0x0000000080000000, 0x0000000100000000)
  region size 1024K, 7 young (7168K), 3 survivors (3072K)
 Metaspace       used 109675K, committed 110656K, reserved 1179648K
  class space    used 15003K, committed 15424K, reserved 1048576K
}
Event: 11.683 GC heap after
{Heap after GC invocations=43 (full 0):
 garbage-first heap   total 312320K, used 54837K [0x0000000080000000, 0x0000000100000000)
  region size 1024K, 3 young (3072K), 3 survivors (3072K)
 Metaspace       used 109675K, committed 110656K, reserved 1179648K
  class space    used 15003K, committed 15424K, reserved 1048576K
}

